<?xml version="1.0" encoding="UTF-8" ?>
<testsuite errors="0" failures="1" hostname="Mneysmne" name="bank.bankieren.IBalieTest" skipped="0" tests="1" time="10.718" timestamp="2015-06-09T14:51:25">
  <properties>
[...]
</properties>
  <testcase classname="bank.bankieren.IBalieTest" name="testOpenRekening" time="10.545">
    <failure type="junit.framework.AssertionFailedError">junit.framework.AssertionFailedError
	at bank.bankieren.IBalieTest.testOpenRekening(IBalieTest.java:90)
</failure>
  </testcase>
  <system-out><![CDATA[]]></system-out>
  <system-err><![CDATA[]]></system-err>
</testsuite>
